<?xml version="1.0" encoding="UTF-8"?>
<testng-results skipped="0" failed="0" total="2" passed="2">
  <reporter-output>
  </reporter-output>
  <suite name="Suite" duration-ms="33977" started-at="2017-01-04T09:02:38Z" finished-at="2017-01-04T09:03:12Z">
    <groups>
    </groups>
    <test name="Test" duration-ms="33977" started-at="2017-01-04T09:02:38Z" finished-at="2017-01-04T09:03:12Z">
      <class name="testcases.hybridTestCases.addUserWithReport">
        <test-method status="PASS" signature="setupReport()[pri:0, instance:testcases.hybridTestCases.addUserWithReport@724af044]" name="setupReport" is-config="true" duration-ms="181" started-at="2017-01-04T09:02:38Z" finished-at="2017-01-04T09:02:38Z">
          <reporter-output>
          </reporter-output>
        </test-method> <!-- setupReport -->
        <test-method status="PASS" signature="setup(java.lang.String)[pri:0, instance:testcases.hybridTestCases.addUserWithReport@724af044]" name="setup" is-config="true" duration-ms="4288" started-at="2017-01-04T09:02:38Z" finished-at="2017-01-04T09:02:42Z">
          <params>
            <param index="0">
              <value>
                <![CDATA[chrome]]>
              </value>
            </param>
          </params>
          <reporter-output>
          </reporter-output>
        </test-method> <!-- setup -->
        <test-method status="PASS" signature="addUserToApplication()[pri:0, instance:testcases.hybridTestCases.addUserWithReport@724af044]" name="addUserToApplication" duration-ms="25346" started-at="2017-01-04T09:02:42Z" finished-at="2017-01-04T09:03:08Z">
          <reporter-output>
          </reporter-output>
        </test-method> <!-- addUserToApplication -->
        <test-method status="PASS" signature="endTest()[pri:0, instance:testcases.hybridTestCases.addUserWithReport@724af044]" name="endTest" is-config="true" duration-ms="5" started-at="2017-01-04T09:03:08Z" finished-at="2017-01-04T09:03:08Z">
          <reporter-output>
          </reporter-output>
        </test-method> <!-- endTest -->
        <test-method status="PASS" signature="searchUSer()[pri:0, instance:testcases.hybridTestCases.addUserWithReport@724af044]" name="searchUSer" duration-ms="2923" started-at="2017-01-04T09:03:08Z" finished-at="2017-01-04T09:03:11Z">
          <reporter-output>
          </reporter-output>
        </test-method> <!-- searchUSer -->
        <test-method status="PASS" signature="endTest()[pri:0, instance:testcases.hybridTestCases.addUserWithReport@724af044]" name="endTest" is-config="true" duration-ms="1" started-at="2017-01-04T09:03:11Z" finished-at="2017-01-04T09:03:11Z">
          <reporter-output>
          </reporter-output>
        </test-method> <!-- endTest -->
        <test-method status="PASS" signature="tearDown()[pri:0, instance:testcases.hybridTestCases.addUserWithReport@724af044]" name="tearDown" is-config="true" duration-ms="1390" started-at="2017-01-04T09:03:11Z" finished-at="2017-01-04T09:03:12Z">
          <reporter-output>
          </reporter-output>
        </test-method> <!-- tearDown -->
        <test-method status="PASS" signature="endReport()[pri:0, instance:testcases.hybridTestCases.addUserWithReport@724af044]" name="endReport" is-config="true" duration-ms="370" started-at="2017-01-04T09:03:12Z" finished-at="2017-01-04T09:03:12Z">
          <reporter-output>
          </reporter-output>
        </test-method> <!-- endReport -->
      </class> <!-- testcases.hybridTestCases.addUserWithReport -->
    </test> <!-- Test -->
  </suite> <!-- Suite -->
</testng-results>
